Arguments: 
  /usr/local/Cellar/node/12.11.1/bin/node /usr/local/Cellar/yarn/1.19.0/libexec/bin/yarn.js

PATH: 
  /usr/local/bin:/usr/bin:/bin:/usr/sbin:/sbin:/Library/Apple/usr/bin:/Library/Apple/bin:/opt/X11/bin

Yarn version: 
  1.19.0

Node version: 
  12.11.1

Platform: 
  darwin x64

Trace: 
  Error: https://registry.yarnpkg.com/sirv-cli: ETIMEDOUT
      at Timeout._onTimeout (/usr/local/Cellar/yarn/1.19.0/libexec/lib/cli.js:141199:19)
      at listOnTimeout (internal/timers.js:531:17)
      at processTimers (internal/timers.js:475:7)

npm manifest: 
  {
    "name": "svelte-app",
    "version": "1.0.0",
    "devDependencies": {
      "npm-run-all": "^4.1.5",
      "rollup": "^1.12.0",
      "rollup-plugin-commonjs": "^10.0.0",
      "rollup-plugin-livereload": "^1.0.0",
      "rollup-plugin-node-resolve": "^5.2.0",
      "rollup-plugin-svelte": "^5.0.3",
      "rollup-plugin-terser": "^4.0.4",
      "svelte": "^3.0.0"
    },
    "dependencies": {
      "sirv-cli": "^0.4.4"
    },
    "scripts": {
      "build": "rollup -c",
      "autobuild": "rollup -c -w",
      "dev": "run-p start:dev autobuild",
      "start": "sirv public --single",
      "start:dev": "sirv public --single --dev"
    }
  }

yarn manifest: 
  No manifest

Lockfile: 
  No lockfile
